# 1.0
1_1 table
2_2 table
3_3 table
4_4 table
5_5 table
6_6 email
7_7 sectionHeader
8_8 bodyText
9_9 bodyText
10_10 bodyText
11_11 bodyText
12_12 bodyText
13_13 bodyText
14_14 bodyText
15_15 bodyText
16_16 bodyText
17_17 bodyText
18_18 bodyText
19_19 bodyText
20_20 bodyText
21_21 bodyText
22_22 bodyText
23_23 bodyText
24_24 bodyText
25_25 bodyText
26_26 bodyText
27_27 bodyText
28_28 bodyText
29_29 bodyText
30_30 bodyText
31_31 bodyText
32_32 bodyText
33_33 bodyText
34_34 bodyText
35_35 bodyText
36_36 bodyText
37_37 bodyText
38_38 bodyText
39_39 bodyText
40_40 bodyText
41_41 bodyText
42_42 bodyText
43_43 bodyText
44_44 bodyText
45_45 bodyText
46_46 bodyText
47_47 sectionHeader
48_48 subsectionHeader
49_49 bodyText
50_50 bodyText
51_51 bodyText
52_52 bodyText
53_53 bodyText
54_54 bodyText
55_55 bodyText
56_56 equation
57_57 equation
58_58 bodyText
59_59 bodyText
60_60 bodyText
61_61 bodyText
62_62 bodyText
63_63 bodyText
64_64 bodyText
65_65 bodyText
66_66 subsubsectionHeader
67_67 bodyText
68_68 bodyText
69_69 listItem
70_70 listItem
71_71 listItem
72_72 listItem
73_73 bodyText
74_74 bodyText
75_75 bodyText
76_76 bodyText
77_77 bodyText
78_78 bodyText
79_79 bodyText
80_80 bodyText
81_81 listItem
82_82 bodyText
83_83 bodyText
84_84 bodyText
85_85 bodyText
86_86 bodyText
87_87 bodyText
88_88 page
89_89 bodyText
90_90 bodyText
91_91 bodyText
92_92 bodyText
93_93 bodyText
94_94 bodyText
95_95 bodyText
96_96 bodyText
97_97 bodyText
98_98 bodyText
99_99 bodyText
100_100 bodyText
101_101 bodyText
102_102 figure
103_103 figure
104_104 figure
105_105 figure
106_106 figure
107_107 figure
108_108 figure
109_109 figure
110_110 figure
111_111 figure
112_112 figure
113_113 figure
114_114 figure
115_115 figure
116_116 figure
117_117 figure
118_118 figure
119_119 figure
120_120 figure
121_121 figure
122_122 figure
123_123 figure
124_124 figure
125_125 figure
126_126 figure
127_127 figureCaption
128_128 bodyText
129_129 bodyText
130_130 bodyText
131_131 bodyText
132_132 page
133_133 bodyText
134_134 bodyText
135_135 bodyText
136_136 bodyText
137_137 bodyText
138_138 bodyText
139_139 sectionHeader
140_140 bodyText
141_141 bodyText
142_142 bodyText
143_143 bodyText
144_144 bodyText
145_145 bodyText
146_146 bodyText
147_147 bodyText
148_148 bodyText
149_149 bodyText
150_150 bodyText
151_151 bodyText
152_152 bodyText
153_153 bodyText
154_154 bodyText
155_155 bodyText
156_156 bodyText
157_157 bodyText
158_158 bodyText
159_159 subsectionHeader
160_160 bodyText
161_161 bodyText
162_162 bodyText
163_163 bodyText
164_164 bodyText
165_165 bodyText
166_166 bodyText
167_167 bodyText
168_168 bodyText
169_169 bodyText
170_170 bodyText
171_171 bodyText
172_172 bodyText
173_173 bodyText
174_174 bodyText
175_175 bodyText
176_176 bodyText
177_177 bodyText
178_178 bodyText
179_179 bodyText
180_180 bodyText
181_181 bodyText
182_182 bodyText
183_183 bodyText
184_184 bodyText
185_185 bodyText
186_186 bodyText
187_187 bodyText
188_188 bodyText
189_189 bodyText
190_190 bodyText
191_191 bodyText
192_192 bodyText
193_193 bodyText
194_194 bodyText
195_195 bodyText
196_196 bodyText
197_197 bodyText
198_198 bodyText
199_199 bodyText
200_200 subsectionHeader
201_201 bodyText
202_202 bodyText
203_203 bodyText
204_204 bodyText
205_205 bodyText
206_206 bodyText
207_207 bodyText
208_208 bodyText
209_209 subsubsectionHeader
210_210 bodyText
211_211 bodyText
212_212 bodyText
213_213 bodyText
214_214 bodyText
215_215 bodyText
216_216 bodyText
217_217 bodyText
218_218 listItem
219_219 listItem
220_220 listItem
221_221 listItem
222_222 listItem
223_223 equation
224_224 equation
225_225 equation
226_226 equation
227_227 table
228_228 table
229_229 table
230_230 table
231_231 table
232_232 table
233_233 page
234_234 subsubsectionHeader
235_235 bodyText
236_236 bodyText
237_237 bodyText
238_238 bodyText
239_239 bodyText
240_240 bodyText
241_241 bodyText
242_242 bodyText
243_243 bodyText
244_244 bodyText
245_245 listItem
246_246 listItem
247_247 listItem
248_248 listItem
249_249 listItem
250_250 listItem
251_251 subsectionHeader
252_252 bodyText
253_253 bodyText
254_254 bodyText
255_255 bodyText
256_256 bodyText
257_257 bodyText
258_258 bodyText
259_259 bodyText
260_260 bodyText
261_261 bodyText
262_262 bodyText
263_263 bodyText
264_264 bodyText
265_265 bodyText
266_266 bodyText
267_267 bodyText
268_268 bodyText
269_269 bodyText
270_270 bodyText
271_271 bodyText
272_272 bodyText
273_273 bodyText
274_274 bodyText
275_275 bodyText
276_276 bodyText
277_277 bodyText
278_278 bodyText
279_279 bodyText
280_280 bodyText
281_281 bodyText
282_282 bodyText
283_283 bodyText
284_284 bodyText
285_285 bodyText
286_286 bodyText
287_287 bodyText
288_288 bodyText
289_289 subsectionHeader
290_290 bodyText
291_291 bodyText
292_292 bodyText
293_293 bodyText
294_294 bodyText
295_295 bodyText
296_296 bodyText
297_297 bodyText
298_298 bodyText
299_299 listItem
300_300 listItem
301_301 listItem
302_302 listItem
303_303 listItem
304_304 listItem
305_305 listItem
306_306 listItem
307_307 listItem
308_308 listItem
309_309 listItem
310_310 listItem
311_311 listItem
312_312 listItem
313_313 listItem
314_314 listItem
315_315 listItem
316_316 listItem
317_317 listItem
318_318 bodyText
319_319 bodyText
320_320 bodyText
321_321 bodyText
322_322 bodyText
323_323 bodyText
324_324 bodyText
325_325 bodyText
326_326 bodyText
327_327 bodyText
328_328 bodyText
329_329 bodyText
330_330 bodyText
331_331 bodyText
332_332 bodyText
333_333 bodyText
334_334 bodyText
335_335 bodyText
336_336 bodyText
337_337 bodyText
338_338 bodyText
339_339 bodyText
340_340 bodyText
341_341 bodyText
342_342 bodyText
343_343 bodyText
344_344 bodyText
345_345 bodyText
346_346 sectionHeader
347_347 bodyText
348_348 bodyText
349_349 bodyText
350_350 bodyText
351_351 bodyText
352_352 bodyText
353_353 bodyText
354_354 bodyText
355_355 bodyText
356_356 bodyText
357_357 bodyText
358_358 bodyText
359_359 bodyText
360_360 bodyText
361_361 bodyText
362_362 bodyText
363_363 bodyText
364_364 bodyText
365_365 bodyText
366_366 bodyText
367_367 bodyText
368_368 bodyText
369_369 bodyText
370_370 bodyText
371_371 bodyText
372_372 bodyText
373_373 bodyText
374_374 bodyText
375_375 bodyText
376_376 bodyText
377_377 bodyText
378_378 bodyText
379_379 bodyText
380_380 bodyText
381_381 bodyText
382_382 bodyText
383_383 bodyText
384_384 bodyText
385_385 bodyText
386_386 bodyText
387_387 bodyText
388_388 bodyText
389_389 bodyText
390_390 bodyText
391_391 bodyText
392_392 bodyText
393_393 bodyText
394_394 bodyText
395_395 sectionHeader
396_396 bodyText
397_397 bodyText
398_398 bodyText
399_399 bodyText
400_400 bodyText
401_401 bodyText
402_402 bodyText
403_403 bodyText
404_404 sectionHeader
405_405 reference
406_406 reference
407_407 reference
408_408 reference
409_409 reference
410_410 reference
411_411 reference
412_412 reference
413_413 reference
414_414 reference
415_415 reference
416_416 page
