### Note the number of CPU for parallel crfpp is 8
### Constructing 2-fold test files /tmp/binparsHedredoparsHedpl76221246733987.*.test.src...
Executing: cat /tmp/binparsHedredoparsHedpl76221246733987.1.test.src >> /tmp/binparsHedredoparsHedpl76221246733987.0.train.src
Executing: /mnt/homes/lmthang/RA/parscit/bin/parsHed/../../bin/parsHed/keywordGen.pl -in /tmp/binparsHedredoparsHedpl76221246733987.0.train.src -out /tmp/binparsHedredoparsHedpl76221246733987.0.keywords -n 100
# Copyright 2009 © by Luong Minh Thang
Executing: /mnt/homes/lmthang/RA/parscit/bin/parsHed/../../bin/parsHed/keywordGen.pl -in /tmp/binparsHedredoparsHedpl76221246733987.0.train.src -out /tmp/binparsHedredoparsHedpl76221246733987.0.bigram -n 100 -nGram 2
# Copyright 2009 © by Luong Minh Thang
Executing: /mnt/homes/lmthang/RA/parscit/bin/parsHed/../../bin/parsHed/tr2crfpp_parsHed.pl -in /tmp/binparsHedredoparsHedpl76221246733987.0.test.src -out /tmp/binparsHedredoparsHedpl76221246733987.0.test -k /tmp/binparsHedredoparsHedpl76221246733987.0.keywords -b /tmp/binparsHedredoparsHedpl76221246733987.0.bigram 1>/dev/null
# Copyright 2009 © by Luong Minh Thang
Read dict from /mnt/homes/lmthang/RA/parscit/bin/parsHed/../../resources/parsCitDict.txt
Load keywords from file /tmp/binparsHedredoparsHedpl76221246733987.0.keywords
Load keywords from file /tmp/binparsHedredoparsHedpl76221246733987.0.bigram
Executing: cat /tmp/binparsHedredoparsHedpl76221246733987.0.test.src >> /tmp/binparsHedredoparsHedpl76221246733987.1.train.src
Executing: /mnt/homes/lmthang/RA/parscit/bin/parsHed/../../bin/parsHed/keywordGen.pl -in /tmp/binparsHedredoparsHedpl76221246733987.1.train.src -out /tmp/binparsHedredoparsHedpl76221246733987.1.keywords -n 100
# Copyright 2009 © by Luong Minh Thang
Executing: /mnt/homes/lmthang/RA/parscit/bin/parsHed/../../bin/parsHed/keywordGen.pl -in /tmp/binparsHedredoparsHedpl76221246733987.1.train.src -out /tmp/binparsHedredoparsHedpl76221246733987.1.bigram -n 100 -nGram 2
# Copyright 2009 © by Luong Minh Thang
Executing: /mnt/homes/lmthang/RA/parscit/bin/parsHed/../../bin/parsHed/tr2crfpp_parsHed.pl -in /tmp/binparsHedredoparsHedpl76221246733987.1.test.src -out /tmp/binparsHedredoparsHedpl76221246733987.1.test -k /tmp/binparsHedredoparsHedpl76221246733987.1.keywords -b /tmp/binparsHedredoparsHedpl76221246733987.1.bigram 1>/dev/null
# Copyright 2009 © by Luong Minh Thang
Read dict from /mnt/homes/lmthang/RA/parscit/bin/parsHed/../../resources/parsCitDict.txt
Load keywords from file /tmp/binparsHedredoparsHedpl76221246733987.1.keywords
Load keywords from file /tmp/binparsHedredoparsHedpl76221246733987.1.bigram
Executing: cat /tmp/binparsHedredoparsHedpl76221246733987.1.test >> /tmp/binparsHedredoparsHedpl76221246733987.0.train
Executing: cat /tmp/binparsHedredoparsHedpl76221246733987.0.test >> /tmp/binparsHedredoparsHedpl76221246733987.1.train
### Training ...
Executing: /mnt/homes/lmthang/RA/parscit/bin/parsHed/../../crfpp/crf_learn -m 100 -p 8 -f 3 -c 3 parsHed.template.fullToken.firstSecondSecondLastToken.back1.forw1.firstKeyword.bigram /tmp/binparsHedredoparsHedpl76221246733987.0.train /tmp/binparsHedredoparsHedpl76221246733987.0.model
Executing: /mnt/homes/lmthang/RA/parscit/bin/parsHed/../../crfpp/crf_learn -m 100 -p 8 -f 3 -c 3 parsHed.template.fullToken.firstSecondSecondLastToken.back1.forw1.firstKeyword.bigram /tmp/binparsHedredoparsHedpl76221246733987.1.train /tmp/binparsHedredoparsHedpl76221246733987.1.model
### Testing ...
Executing: /mnt/homes/lmthang/RA/parscit/bin/parsHed/../../crfpp/crf_test -m /tmp/binparsHedredoparsHedpl76221246733987.0.model /tmp/binparsHedredoparsHedpl76221246733987.0.test > /tmp/binparsHedredoparsHedpl76221246733987.0.out
### Convert from line-level format to token-level format...
Executing: /mnt/homes/lmthang/RA/parscit/bin/parsHed/../../bin/parsHed/convert2TokenLevel.pl -in1 /tmp/binparsHedredoparsHedpl76221246733987.0.test.src -in2 /tmp/binparsHedredoparsHedpl76221246733987.0.out -out /tmp/binparsHedredoparsHedpl76221246733987.0.out.convert 2>/tmp/binparsHedredoparsHedpl76221246733987.0.out.log
Executing: cat /tmp/binparsHedredoparsHedpl76221246733987.0.out.convert >> /tmp/binparsHedredoparsHedpl76221246733987.all.out
Executing: /mnt/homes/lmthang/RA/parscit/bin/parsHed/../../crfpp/crf_test -m /tmp/binparsHedredoparsHedpl76221246733987.1.model /tmp/binparsHedredoparsHedpl76221246733987.1.test > /tmp/binparsHedredoparsHedpl76221246733987.1.out
### Convert from line-level format to token-level format...
Executing: /mnt/homes/lmthang/RA/parscit/bin/parsHed/../../bin/parsHed/convert2TokenLevel.pl -in1 /tmp/binparsHedredoparsHedpl76221246733987.1.test.src -in2 /tmp/binparsHedredoparsHedpl76221246733987.1.out -out /tmp/binparsHedredoparsHedpl76221246733987.1.out.convert 2>/tmp/binparsHedredoparsHedpl76221246733987.1.out.log
Executing: cat /tmp/binparsHedredoparsHedpl76221246733987.1.out.convert >> /tmp/binparsHedredoparsHedpl76221246733987.all.out
### Evaluating ...
Executing: /mnt/homes/lmthang/RA/parscit/bin/parsHed/../../bin/conlleval.pl -r -d "	" < /tmp/binparsHedredoparsHedpl76221246733987.all.out
