CRF++: Yet Another CRF Tool Kit
Copyright (C) 2005-2008 Taku Kudo, All rights reserved.

reading training data: 100.. 200.. 300.. 400.. 500.. 600.. 700.. 800.. 900.. 
Done!5.52 s

Number of sentences: 935
Number of features:  758910
Number of thread(s): 8
Freq:                3
eta:                 0.00010
C:                   3.00000
shrinking size:      20
iter=0 terr=0.50813 serr=1.00000 act=758910 obj=52660.74421 diff=1.00000
iter=1 terr=0.50813 serr=1.00000 act=758910 obj=69471.42338 diff=0.31923
iter=2 terr=0.50813 serr=1.00000 act=758910 obj=36025.80607 diff=0.48143
iter=3 terr=0.50813 serr=1.00000 act=758910 obj=33970.31769 diff=0.05706
iter=4 terr=0.35246 serr=1.00000 act=758910 obj=26052.25334 diff=0.23309
iter=5 terr=0.24879 serr=0.92834 act=758910 obj=21057.70453 diff=0.19171
iter=6 terr=0.21789 serr=0.91123 act=758910 obj=18697.74392 diff=0.11207
iter=7 terr=0.18976 serr=0.85882 act=758910 obj=15873.09305 diff=0.15107
iter=8 terr=0.16754 serr=0.85989 act=758910 obj=13069.46521 diff=0.17663
iter=9 terr=0.13365 serr=0.76471 act=758910 obj=10384.10363 diff=0.20547
iter=10 terr=0.11951 serr=0.74011 act=758910 obj=9446.35834 diff=0.09031
iter=11 terr=0.10789 serr=0.68235 act=758910 obj=8294.16783 diff=0.12197
iter=12 terr=0.10295 serr=0.66738 act=758910 obj=7859.78685 diff=0.05237
iter=13 terr=0.09123 serr=0.59358 act=758910 obj=6417.91910 diff=0.18345
iter=14 terr=0.07678 serr=0.53476 act=758910 obj=5601.30867 diff=0.12724
iter=15 terr=0.06973 serr=0.51658 act=758910 obj=4775.82026 diff=0.14737
iter=16 terr=0.06037 serr=0.47380 act=758910 obj=4141.44272 diff=0.13283
iter=17 terr=0.05610 serr=0.45561 act=758910 obj=3674.70241 diff=0.11270
iter=18 terr=0.05168 serr=0.44064 act=758910 obj=3342.52237 diff=0.09040
iter=19 terr=0.04705 serr=0.39572 act=758910 obj=3042.72216 diff=0.08969
iter=20 terr=0.04191 serr=0.37540 act=758910 obj=2816.15432 diff=0.07446
iter=21 terr=0.03836 serr=0.35294 act=758910 obj=2507.72606 diff=0.10952
iter=22 terr=0.03589 serr=0.34439 act=758910 obj=2369.55718 diff=0.05510
iter=23 terr=0.03132 serr=0.31765 act=758910 obj=2167.02934 diff=0.08547
iter=24 terr=0.03199 serr=0.30267 act=758910 obj=2012.11013 diff=0.07149
iter=25 terr=0.02936 serr=0.27807 act=758910 obj=1908.39885 diff=0.05154
iter=26 terr=0.02510 serr=0.25027 act=758910 obj=1680.82441 diff=0.11925
iter=27 terr=0.02746 serr=0.28449 act=758910 obj=1745.24555 diff=0.03833
iter=28 terr=0.02170 serr=0.25134 act=758910 obj=1568.81489 diff=0.10109
iter=29 terr=0.02103 serr=0.24064 act=758910 obj=1505.01599 diff=0.04067
iter=30 terr=0.01697 serr=0.20856 act=758910 obj=1327.66615 diff=0.11784
iter=31 terr=0.01851 serr=0.20535 act=758910 obj=1266.81847 diff=0.04583
iter=32 terr=0.01522 serr=0.18075 act=758910 obj=1191.35816 diff=0.05957
iter=33 terr=0.01358 serr=0.17219 act=758910 obj=1044.22812 diff=0.12350
iter=34 terr=0.01203 serr=0.16043 act=758910 obj=957.44503 diff=0.08311
iter=35 terr=0.01476 serr=0.17219 act=758910 obj=921.47432 diff=0.03757
iter=36 terr=0.01044 serr=0.14652 act=758910 obj=813.53064 diff=0.11714
iter=37 terr=0.00962 serr=0.13904 act=758910 obj=797.70328 diff=0.01946
iter=38 terr=0.00885 serr=0.12727 act=758910 obj=753.70857 diff=0.05515
iter=39 terr=0.00818 serr=0.11979 act=758910 obj=698.39543 diff=0.07339
iter=40 terr=0.02155 serr=0.15722 act=758910 obj=830.97514 diff=0.18983
iter=41 terr=0.00699 serr=0.10909 act=758910 obj=653.84368 diff=0.21316
iter=42 terr=0.00561 serr=0.09412 act=758910 obj=580.57422 diff=0.11206
iter=43 terr=0.00514 serr=0.09198 act=758910 obj=549.78650 diff=0.05303
iter=44 terr=0.00478 serr=0.08556 act=758910 obj=526.55595 diff=0.04225
iter=45 terr=0.00453 serr=0.07701 act=758910 obj=480.48500 diff=0.08749
iter=46 terr=0.00411 serr=0.07273 act=758910 obj=467.19514 diff=0.02766
iter=47 terr=0.00355 serr=0.06310 act=758910 obj=446.70177 diff=0.04386
iter=48 terr=0.00334 serr=0.06096 act=758910 obj=431.34792 diff=0.03437
iter=49 terr=0.00293 serr=0.05455 act=758910 obj=402.18198 diff=0.06762
iter=50 terr=0.00252 serr=0.04492 act=758910 obj=368.18921 diff=0.08452
iter=51 terr=0.00252 serr=0.04385 act=758910 obj=347.90119 diff=0.05510
iter=52 terr=0.00195 serr=0.03422 act=758910 obj=320.71938 diff=0.07813
iter=53 terr=0.00185 serr=0.03422 act=758910 obj=312.36672 diff=0.02604
iter=54 terr=0.00165 serr=0.03209 act=758910 obj=298.12006 diff=0.04561
iter=55 terr=0.00118 serr=0.02460 act=758910 obj=278.19204 diff=0.06685
iter=56 terr=0.00087 serr=0.01711 act=758910 obj=269.90294 diff=0.02980
iter=57 terr=0.00067 serr=0.01390 act=758910 obj=250.23911 diff=0.07286
iter=58 terr=0.00072 serr=0.01390 act=758910 obj=246.13924 diff=0.01638
iter=59 terr=0.00067 serr=0.01283 act=758910 obj=240.89056 diff=0.02132
iter=60 terr=0.00057 serr=0.01176 act=758910 obj=235.23864 diff=0.02346
iter=61 terr=0.00046 serr=0.00963 act=758910 obj=229.40490 diff=0.02480
iter=62 terr=0.00041 serr=0.00856 act=758910 obj=225.42773 diff=0.01734
iter=63 terr=0.00026 serr=0.00535 act=758910 obj=218.49529 diff=0.03075
iter=64 terr=0.00031 serr=0.00642 act=758910 obj=213.69226 diff=0.02198
iter=65 terr=0.00031 serr=0.00642 act=758910 obj=211.55109 diff=0.01002
iter=66 terr=0.00026 serr=0.00535 act=758910 obj=205.23388 diff=0.02986
iter=67 terr=0.00026 serr=0.00535 act=758910 obj=204.34126 diff=0.00435
iter=68 terr=0.00026 serr=0.00535 act=758910 obj=202.24285 diff=0.01027
iter=69 terr=0.00026 serr=0.00535 act=758910 obj=201.62847 diff=0.00304
iter=70 terr=0.00026 serr=0.00535 act=758910 obj=200.05633 diff=0.00780
iter=71 terr=0.00026 serr=0.00535 act=758910 obj=198.09888 diff=0.00978
iter=72 terr=0.00026 serr=0.00535 act=758910 obj=194.74158 diff=0.01695
iter=73 terr=0.00026 serr=0.00535 act=758910 obj=195.00713 diff=0.00136
iter=74 terr=0.00026 serr=0.00535 act=758910 obj=193.38419 diff=0.00832
iter=75 terr=0.00026 serr=0.00535 act=758910 obj=191.66332 diff=0.00890
iter=76 terr=0.00021 serr=0.00428 act=758910 obj=190.54672 diff=0.00583
iter=77 terr=0.00021 serr=0.00428 act=758910 obj=189.03270 diff=0.00795
iter=78 terr=0.00021 serr=0.00428 act=758910 obj=189.41567 diff=0.00203
iter=79 terr=0.00021 serr=0.00428 act=758910 obj=188.14765 diff=0.00669
iter=80 terr=0.00021 serr=0.00428 act=758910 obj=186.72897 diff=0.00754
iter=81 terr=0.00021 serr=0.00428 act=758910 obj=185.47259 diff=0.00673
iter=82 terr=0.00015 serr=0.00321 act=758910 obj=184.10660 diff=0.00736
iter=83 terr=0.00010 serr=0.00214 act=758910 obj=182.52863 diff=0.00857
iter=84 terr=0.00010 serr=0.00214 act=758910 obj=181.06961 diff=0.00799
iter=85 terr=0.00010 serr=0.00214 act=758910 obj=179.62525 diff=0.00798
iter=86 terr=0.00010 serr=0.00214 act=758910 obj=178.57390 diff=0.00585
iter=87 terr=0.00010 serr=0.00214 act=758910 obj=177.57063 diff=0.00562
iter=88 terr=0.00010 serr=0.00214 act=758910 obj=176.21309 diff=0.00765
iter=89 terr=0.00010 serr=0.00214 act=758910 obj=174.49018 diff=0.00978
iter=90 terr=0.00010 serr=0.00214 act=758910 obj=173.15145 diff=0.00767
iter=91 terr=0.00010 serr=0.00214 act=758910 obj=171.88740 diff=0.00730
iter=92 terr=0.00010 serr=0.00214 act=758910 obj=173.50956 diff=0.00944
iter=93 terr=0.00010 serr=0.00214 act=758910 obj=170.89915 diff=0.01504
iter=94 terr=0.00010 serr=0.00214 act=758910 obj=169.66082 diff=0.00725
iter=95 terr=0.00010 serr=0.00214 act=758910 obj=168.89244 diff=0.00453
iter=96 terr=0.00010 serr=0.00214 act=758910 obj=166.96412 diff=0.01142
iter=97 terr=0.00010 serr=0.00214 act=758910 obj=166.31338 diff=0.00390
iter=98 terr=0.00010 serr=0.00214 act=758910 obj=165.02729 diff=0.00773
iter=99 terr=0.00010 serr=0.00214 act=758910 obj=164.64437 diff=0.00232
iter=100 terr=0.00010 serr=0.00214 act=758910 obj=164.16232 diff=0.00293
iter=101 terr=0.00010 serr=0.00214 act=758910 obj=163.47078 diff=0.00421
iter=102 terr=0.00010 serr=0.00214 act=758910 obj=162.55234 diff=0.00562
iter=103 terr=0.00010 serr=0.00214 act=758910 obj=161.39996 diff=0.00709
iter=104 terr=0.00010 serr=0.00214 act=758910 obj=160.58495 diff=0.00505
iter=105 terr=0.00010 serr=0.00214 act=758910 obj=159.91657 diff=0.00416
iter=106 terr=0.00010 serr=0.00214 act=758910 obj=159.42085 diff=0.00310
iter=107 terr=0.00010 serr=0.00214 act=758910 obj=159.03660 diff=0.00241
iter=108 terr=0.00010 serr=0.00214 act=758910 obj=158.63101 diff=0.00255
iter=109 terr=0.00010 serr=0.00214 act=758910 obj=158.10172 diff=0.00334
iter=110 terr=0.00010 serr=0.00214 act=758910 obj=157.56373 diff=0.00340
iter=111 terr=0.00010 serr=0.00214 act=758910 obj=157.10026 diff=0.00294
iter=112 terr=0.00010 serr=0.00214 act=758910 obj=156.70763 diff=0.00250
iter=113 terr=0.00010 serr=0.00214 act=758910 obj=156.38702 diff=0.00205
iter=114 terr=0.00010 serr=0.00214 act=758910 obj=156.17004 diff=0.00139
iter=115 terr=0.00010 serr=0.00214 act=758910 obj=155.98805 diff=0.00117
iter=116 terr=0.00010 serr=0.00214 act=758910 obj=155.59465 diff=0.00252
iter=117 terr=0.00010 serr=0.00214 act=758910 obj=155.24064 diff=0.00228
iter=118 terr=0.00010 serr=0.00214 act=758910 obj=155.15610 diff=0.00054
iter=119 terr=0.00010 serr=0.00214 act=758910 obj=154.89148 diff=0.00171
iter=120 terr=0.00010 serr=0.00214 act=758910 obj=154.78136 diff=0.00071
iter=121 terr=0.00010 serr=0.00214 act=758910 obj=154.55812 diff=0.00144
iter=122 terr=0.00010 serr=0.00214 act=758910 obj=154.34063 diff=0.00141
iter=123 terr=0.00010 serr=0.00214 act=758910 obj=154.07933 diff=0.00169
iter=124 terr=0.00010 serr=0.00214 act=758910 obj=153.93407 diff=0.00094
iter=125 terr=0.00010 serr=0.00214 act=758910 obj=153.75973 diff=0.00113
iter=126 terr=0.00010 serr=0.00214 act=758910 obj=153.68551 diff=0.00048
iter=127 terr=0.00010 serr=0.00214 act=758910 obj=153.34979 diff=0.00218
iter=128 terr=0.00010 serr=0.00214 act=758910 obj=153.23540 diff=0.00075
iter=129 terr=0.00010 serr=0.00214 act=758910 obj=153.10665 diff=0.00084
iter=130 terr=0.00010 serr=0.00214 act=758910 obj=152.98353 diff=0.00080
iter=131 terr=0.00010 serr=0.00214 act=758910 obj=152.80230 diff=0.00118
iter=132 terr=0.00010 serr=0.00214 act=758910 obj=152.69555 diff=0.00070
iter=133 terr=0.00010 serr=0.00214 act=758910 obj=152.60108 diff=0.00062
iter=134 terr=0.00010 serr=0.00214 act=758910 obj=152.45581 diff=0.00095
iter=135 terr=0.00010 serr=0.00214 act=758910 obj=152.30006 diff=0.00102
iter=136 terr=0.00010 serr=0.00214 act=758910 obj=152.19490 diff=0.00069
iter=137 terr=0.00010 serr=0.00214 act=758910 obj=152.13653 diff=0.00038
iter=138 terr=0.00010 serr=0.00214 act=758910 obj=152.07156 diff=0.00043
iter=139 terr=0.00010 serr=0.00214 act=758910 obj=151.96508 diff=0.00070
iter=140 terr=0.00010 serr=0.00214 act=758910 obj=151.84227 diff=0.00081
iter=141 terr=0.00010 serr=0.00214 act=758910 obj=151.75155 diff=0.00060
iter=142 terr=0.00010 serr=0.00214 act=758910 obj=151.61806 diff=0.00088
iter=143 terr=0.00010 serr=0.00214 act=758910 obj=151.56327 diff=0.00036
iter=144 terr=0.00010 serr=0.00214 act=758910 obj=151.50778 diff=0.00037
iter=145 terr=0.00010 serr=0.00214 act=758910 obj=151.45393 diff=0.00036
iter=146 terr=0.00010 serr=0.00214 act=758910 obj=151.39377 diff=0.00040
iter=147 terr=0.00010 serr=0.00214 act=758910 obj=151.35295 diff=0.00027
iter=148 terr=0.00010 serr=0.00214 act=758910 obj=151.32800 diff=0.00016
iter=149 terr=0.00010 serr=0.00214 act=758910 obj=151.26464 diff=0.00042
iter=150 terr=0.00010 serr=0.00214 act=758910 obj=151.20761 diff=0.00038
iter=151 terr=0.00010 serr=0.00214 act=758910 obj=151.17671 diff=0.00020
iter=152 terr=0.00010 serr=0.00214 act=758910 obj=151.14209 diff=0.00023
iter=153 terr=0.00010 serr=0.00214 act=758910 obj=151.10414 diff=0.00025
iter=154 terr=0.00010 serr=0.00214 act=758910 obj=151.06942 diff=0.00023
iter=155 terr=0.00010 serr=0.00214 act=758910 obj=151.04287 diff=0.00018
iter=156 terr=0.00010 serr=0.00214 act=758910 obj=151.02606 diff=0.00011
iter=157 terr=0.00010 serr=0.00214 act=758910 obj=150.98641 diff=0.00026
iter=158 terr=0.00010 serr=0.00214 act=758910 obj=150.93220 diff=0.00036
iter=159 terr=0.00010 serr=0.00214 act=758910 obj=150.93602 diff=0.00003
iter=160 terr=0.00010 serr=0.00214 act=758910 obj=150.90671 diff=0.00019
iter=161 terr=0.00010 serr=0.00214 act=758910 obj=150.87638 diff=0.00020
iter=162 terr=0.00010 serr=0.00214 act=758910 obj=150.84941 diff=0.00018
iter=163 terr=0.00010 serr=0.00214 act=758910 obj=150.82734 diff=0.00015
iter=164 terr=0.00010 serr=0.00214 act=758910 obj=150.79549 diff=0.00021
iter=165 terr=0.00010 serr=0.00214 act=758910 obj=150.77276 diff=0.00015
iter=166 terr=0.00010 serr=0.00214 act=758910 obj=150.75986 diff=0.00009
iter=167 terr=0.00010 serr=0.00214 act=758910 obj=150.73249 diff=0.00018
iter=168 terr=0.00010 serr=0.00214 act=758910 obj=150.73260 diff=0.00000
iter=169 terr=0.00010 serr=0.00214 act=758910 obj=150.71019 diff=0.00015
iter=170 terr=0.00010 serr=0.00214 act=758910 obj=150.68684 diff=0.00015
iter=171 terr=0.00010 serr=0.00214 act=758910 obj=150.66682 diff=0.00013
iter=172 terr=0.00010 serr=0.00214 act=758910 obj=150.64574 diff=0.00014
iter=173 terr=0.00010 serr=0.00214 act=758910 obj=150.66827 diff=0.00015
iter=174 terr=0.00010 serr=0.00214 act=758910 obj=150.63507 diff=0.00022
iter=175 terr=0.00010 serr=0.00214 act=758910 obj=150.61988 diff=0.00010
iter=176 terr=0.00010 serr=0.00214 act=758910 obj=150.60490 diff=0.00010
iter=177 terr=0.00010 serr=0.00214 act=758910 obj=150.58693 diff=0.00012
iter=178 terr=0.00010 serr=0.00214 act=758910 obj=150.56455 diff=0.00015
iter=179 terr=0.00010 serr=0.00214 act=758910 obj=150.56132 diff=0.00002
iter=180 terr=0.00010 serr=0.00214 act=758910 obj=150.54191 diff=0.00013
iter=181 terr=0.00010 serr=0.00214 act=758910 obj=150.53701 diff=0.00003
iter=182 terr=0.00010 serr=0.00214 act=758910 obj=150.52766 diff=0.00006
iter=183 terr=0.00010 serr=0.00214 act=758910 obj=150.52648 diff=0.00001

Done!505.21 s

