Constructing 2-fold test files /tmp/homelmthangRAparscitbinparsHedredoparsHedpl152211245999680.*.test.src...
Executing: /home/lmthang/RA/parscit/bin/parsHed/tr2crfpp_parsHed.pl -k /home/lmthang/RA/parscit/resources/parsHed/keywords -in /tmp/homelmthangRAparscitbinparsHedredoparsHedpl152211245999680.0.test.src -out /tmp/homelmthangRAparscitbinparsHedredoparsHedpl152211245999680.0.test
# Copyright 2009 © by Luong Minh Thang
Read dict from /home/lmthang/RA/parscit/resources/parsCitDict.txt
Load keywords from file /home/lmthang/RA/parscit/resources/parsHed/keywords
Load keywords from file /home/lmthang/RA/parscit/resources/parsHed/keywords.back
Load keywords from file /home/lmthang/RA/parscit/resources/parsHed/bigram
Executing: /home/lmthang/RA/parscit/bin/parsHed/tr2crfpp_parsHed.pl -k /home/lmthang/RA/parscit/resources/parsHed/keywords -in /tmp/homelmthangRAparscitbinparsHedredoparsHedpl152211245999680.1.test.src -out /tmp/homelmthangRAparscitbinparsHedredoparsHedpl152211245999680.1.test
# Copyright 2009 © by Luong Minh Thang
Read dict from /home/lmthang/RA/parscit/resources/parsCitDict.txt
Load keywords from file /home/lmthang/RA/parscit/resources/parsHed/keywords
Load keywords from file /home/lmthang/RA/parscit/resources/parsHed/keywords.back
Load keywords from file /home/lmthang/RA/parscit/resources/parsHed/bigram
Training ...
Executing: /home/lmthang/RA/parscit/crfpp/crf_learn -m 100 -p 6 -f 3 -c 3 parsHed.template.firstSecondSecondLastToken.back1.firstSecondLastFunc50Full.bigram /tmp/homelmthangRAparscitbinparsHedredoparsHedpl152211245999680.0.train /tmp/homelmthangRAparscitbinparsHedredoparsHedpl152211245999680.0.model
Executing: /home/lmthang/RA/parscit/crfpp/crf_learn -m 100 -p 6 -f 3 -c 3 parsHed.template.firstSecondSecondLastToken.back1.firstSecondLastFunc50Full.bigram /tmp/homelmthangRAparscitbinparsHedredoparsHedpl152211245999680.1.train /tmp/homelmthangRAparscitbinparsHedredoparsHedpl152211245999680.1.model
Testing ...
Executing: /home/lmthang/RA/parscit/crfpp/crf_test -m /tmp/homelmthangRAparscitbinparsHedredoparsHedpl152211245999680.0.model /tmp/homelmthangRAparscitbinparsHedredoparsHedpl152211245999680.0.test > /tmp/homelmthangRAparscitbinparsHedredoparsHedpl152211245999680.0.out
Convert from line-level format to token-level format...
Executing: /home/lmthang/RA/parscit/bin/parsHed/convert2TokenLevel.pl -in1 /tmp/homelmthangRAparscitbinparsHedredoparsHedpl152211245999680.0.test.src -in2 /tmp/homelmthangRAparscitbinparsHedredoparsHedpl152211245999680.0.out -out /tmp/homelmthangRAparscitbinparsHedredoparsHedpl152211245999680.0.out.convert 2>/tmp/homelmthangRAparscitbinparsHedredoparsHedpl152211245999680.0.out.log
Executing: cat /tmp/homelmthangRAparscitbinparsHedredoparsHedpl152211245999680.0.out.convert >> /tmp/homelmthangRAparscitbinparsHedredoparsHedpl152211245999680.all.out
Executing: /home/lmthang/RA/parscit/crfpp/crf_test -m /tmp/homelmthangRAparscitbinparsHedredoparsHedpl152211245999680.1.model /tmp/homelmthangRAparscitbinparsHedredoparsHedpl152211245999680.1.test > /tmp/homelmthangRAparscitbinparsHedredoparsHedpl152211245999680.1.out
Convert from line-level format to token-level format...
Executing: /home/lmthang/RA/parscit/bin/parsHed/convert2TokenLevel.pl -in1 /tmp/homelmthangRAparscitbinparsHedredoparsHedpl152211245999680.1.test.src -in2 /tmp/homelmthangRAparscitbinparsHedredoparsHedpl152211245999680.1.out -out /tmp/homelmthangRAparscitbinparsHedredoparsHedpl152211245999680.1.out.convert 2>/tmp/homelmthangRAparscitbinparsHedredoparsHedpl152211245999680.1.out.log
Executing: cat /tmp/homelmthangRAparscitbinparsHedredoparsHedpl152211245999680.1.out.convert >> /tmp/homelmthangRAparscitbinparsHedredoparsHedpl152211245999680.all.out
Evaluating ...
Executing: /home/lmthang/RA/parscit/bin/conlleval.pl -r -d "	" < /tmp/homelmthangRAparscitbinparsHedredoparsHedpl152211245999680.all.out
