Constructing 2-fold test files /tmp/redoparsHedpl135311245574311.*.test.src...
Executing: ../tr2crfpp_thang.pl -k ../keywords.50 -in /tmp/redoparsHedpl135311245574311.0.test.src -out /tmp/redoparsHedpl135311245574311.0.test
# Copyright 2009 © by Luong Minh Thang
Read dict from /home/forecite/services/parscit/resources/parsCitDict.txt
Executing: ../tr2crfpp_thang.pl -k ../keywords.50 -in /tmp/redoparsHedpl135311245574311.1.test.src -out /tmp/redoparsHedpl135311245574311.1.test
# Copyright 2009 © by Luong Minh Thang
Read dict from /home/forecite/services/parscit/resources/parsCitDict.txt
Training ...
Executing: /home/lmthang/RA/parscit/crfpp/crf_learn -m 100 -p 6 -f 3 -c 3 parsHed.template.firstSecondSecondLastToken.back1.firstLastFunc50Partial /tmp/redoparsHedpl135311245574311.0.train /tmp/redoparsHedpl135311245574311.0.model
Executing: /home/lmthang/RA/parscit/crfpp/crf_learn -m 100 -p 6 -f 3 -c 3 parsHed.template.firstSecondSecondLastToken.back1.firstLastFunc50Partial /tmp/redoparsHedpl135311245574311.1.train /tmp/redoparsHedpl135311245574311.1.model
Testing ...
Executing: /home/lmthang/RA/parscit/crfpp/crf_test -m /tmp/redoparsHedpl135311245574311.0.model /tmp/redoparsHedpl135311245574311.0.test > /tmp/redoparsHedpl135311245574311.0.out
Convert from line-level format to token-level format...
Executing: /home/lmthang/RA/parscit/thang/create_subline.pl -in /tmp/redoparsHedpl135311245574311.0.test.src -out /tmp/redoparsHedpl135311245574311.0.test.subline
# Copyright 2009 © by Luong Minh Thang
Executing: /home/lmthang/RA/parscit/thang/convert.pl -in1 /tmp/redoparsHedpl135311245574311.0.test.subline -in2 /tmp/redoparsHedpl135311245574311.0.out -out /tmp/redoparsHedpl135311245574311.0.out.convert 2>/tmp/redoparsHedpl135311245574311.0.out.log
Executing: cat /tmp/redoparsHedpl135311245574311.0.out.convert >> /tmp/redoparsHedpl135311245574311.all.out
Executing: /home/lmthang/RA/parscit/crfpp/crf_test -m /tmp/redoparsHedpl135311245574311.1.model /tmp/redoparsHedpl135311245574311.1.test > /tmp/redoparsHedpl135311245574311.1.out
Convert from line-level format to token-level format...
Executing: /home/lmthang/RA/parscit/thang/create_subline.pl -in /tmp/redoparsHedpl135311245574311.1.test.src -out /tmp/redoparsHedpl135311245574311.1.test.subline
# Copyright 2009 © by Luong Minh Thang
Executing: /home/lmthang/RA/parscit/thang/convert.pl -in1 /tmp/redoparsHedpl135311245574311.1.test.subline -in2 /tmp/redoparsHedpl135311245574311.1.out -out /tmp/redoparsHedpl135311245574311.1.out.convert 2>/tmp/redoparsHedpl135311245574311.1.out.log
Executing: cat /tmp/redoparsHedpl135311245574311.1.out.convert >> /tmp/redoparsHedpl135311245574311.all.out
Evaluating ...
Executing: /home/lmthang/RA/parscit/bin/conlleval.pl -r -d "	" < /tmp/redoparsHedpl135311245574311.all.out
