Constructing 2-fold test files /tmp/redoparsHedpl29691245507310.*.test.src...
Executing: ../tr2crfpp_thang.pl ../keywords.20 /tmp/redoparsHedpl29691245507310.0.test.src> /tmp/redoparsHedpl29691245507310.0.test
# Copyright 2009 © by Minh-Thang Luong. Created from tr2crfpp.pl by Min-Yen Kan.
#first token general features
U00:%x[0,0]
U01:%x[0,1]
U02:%x[0,2]
U03:%x[0,3]
U04:%x[0,4]
U05:%x[0,5]
U06:%x[0,6]
U07:%x[0,7]
U08:%x[0,8]
U09:%x[0,9]
U010:%x[0,10]
U011:%x[0,11]
U012:%x[0,12]
U013:%x[0,13]
U014:%x[0,14]
U015:%x[0,15]
U016:%x[0,16]
U017:%x[0,17]
U018:%x[0,18]
U019:%x[0,19]
U020:%x[0,20]

#second token general features
U20:%x[0,21]
U21:%x[0,22]
U22:%x[0,23]
U23:%x[0,24]
U24:%x[0,25]
U25:%x[0,26]
U26:%x[0,27]
U27:%x[0,28]
U28:%x[0,29]
U29:%x[0,30]
U210:%x[0,31]
U211:%x[0,32]
U212:%x[0,33]
U213:%x[0,34]
U214:%x[0,35]
U215:%x[0,36]
U216:%x[0,37]
U217:%x[0,38]
U218:%x[0,39]
U219:%x[0,40]
U220:%x[0,41]

#last token general features
U60:%x[0,42]
U61:%x[0,43]
U62:%x[0,44]
U63:%x[0,45]
U64:%x[0,46]
U65:%x[0,47]
U66:%x[0,48]
U67:%x[0,49]
U68:%x[0,50]
U69:%x[0,51]
U610:%x[0,52]
U611:%x[0,53]
U612:%x[0,54]
U613:%x[0,55]
U614:%x[0,56]
U615:%x[0,57]
U616:%x[0,58]
U617:%x[0,59]
U618:%x[0,60]
U619:%x[0,61]
U620:%x[0,62]

#constraint token at -1 relative position 
U80:%x[-1,42]
U81:%x[-1,43]
U82:%x[-1,44]
U83:%x[-1,45]
U84:%x[-1,46]
U85:%x[-1,47]
U86:%x[-1,48]
U87:%x[-1,49]
U88:%x[-1,50]
U89:%x[-1,51]
U810:%x[-1,52]
U811:%x[-1,53]
U812:%x[-1,54]
U813:%x[-1,55]
U814:%x[-1,56]
U815:%x[-1,57]
U816:%x[-1,58]
U817:%x[-1,59]
U818:%x[-1,60]
U819:%x[-1,61]
U820:%x[-1,62]


# Output
B0
Executing: ../tr2crfpp_thang.pl ../keywords.20 /tmp/redoparsHedpl29691245507310.1.test.src> /tmp/redoparsHedpl29691245507310.1.test
# Copyright 2009 © by Minh-Thang Luong. Created from tr2crfpp.pl by Min-Yen Kan.
#first token general features
U00:%x[0,0]
U01:%x[0,1]
U02:%x[0,2]
U03:%x[0,3]
U04:%x[0,4]
U05:%x[0,5]
U06:%x[0,6]
U07:%x[0,7]
U08:%x[0,8]
U09:%x[0,9]
U010:%x[0,10]
U011:%x[0,11]
U012:%x[0,12]
U013:%x[0,13]
U014:%x[0,14]
U015:%x[0,15]
U016:%x[0,16]
U017:%x[0,17]
U018:%x[0,18]
U019:%x[0,19]
U020:%x[0,20]

#second token general features
U20:%x[0,21]
U21:%x[0,22]
U22:%x[0,23]
U23:%x[0,24]
U24:%x[0,25]
U25:%x[0,26]
U26:%x[0,27]
U27:%x[0,28]
U28:%x[0,29]
U29:%x[0,30]
U210:%x[0,31]
U211:%x[0,32]
U212:%x[0,33]
U213:%x[0,34]
U214:%x[0,35]
U215:%x[0,36]
U216:%x[0,37]
U217:%x[0,38]
U218:%x[0,39]
U219:%x[0,40]
U220:%x[0,41]

#last token general features
U60:%x[0,42]
U61:%x[0,43]
U62:%x[0,44]
U63:%x[0,45]
U64:%x[0,46]
U65:%x[0,47]
U66:%x[0,48]
U67:%x[0,49]
U68:%x[0,50]
U69:%x[0,51]
U610:%x[0,52]
U611:%x[0,53]
U612:%x[0,54]
U613:%x[0,55]
U614:%x[0,56]
U615:%x[0,57]
U616:%x[0,58]
U617:%x[0,59]
U618:%x[0,60]
U619:%x[0,61]
U620:%x[0,62]

#constraint token at -1 relative position 
U80:%x[-1,42]
U81:%x[-1,43]
U82:%x[-1,44]
U83:%x[-1,45]
U84:%x[-1,46]
U85:%x[-1,47]
U86:%x[-1,48]
U87:%x[-1,49]
U88:%x[-1,50]
U89:%x[-1,51]
U810:%x[-1,52]
U811:%x[-1,53]
U812:%x[-1,54]
U813:%x[-1,55]
U814:%x[-1,56]
U815:%x[-1,57]
U816:%x[-1,58]
U817:%x[-1,59]
U818:%x[-1,60]
U819:%x[-1,61]
U820:%x[-1,62]


# Output
B0
Training ...
Executing: /home/lmthang/RA/parscit/crfpp/crf_learn -m 100 -p 6 -f 3 -c 3 parsHed.template.firstSecondLastToken.link1 /tmp/redoparsHedpl29691245507310.0.train /tmp/redoparsHedpl29691245507310.0.model
Executing: /home/lmthang/RA/parscit/crfpp/crf_learn -m 100 -p 6 -f 3 -c 3 parsHed.template.firstSecondLastToken.link1 /tmp/redoparsHedpl29691245507310.1.train /tmp/redoparsHedpl29691245507310.1.model
Testing ...
Executing: /home/lmthang/RA/parscit/crfpp/crf_test -m /tmp/redoparsHedpl29691245507310.0.model /tmp/redoparsHedpl29691245507310.0.test > /tmp/redoparsHedpl29691245507310.0.out
Convert from line-level format to token-level format...
Executing: /home/lmthang/RA/parscit/thang/create_subline.pl -in /tmp/redoparsHedpl29691245507310.0.test.src -out /tmp/redoparsHedpl29691245507310.0.test.subline
# Copyright 2009 © by Luong Minh Thang
Executing: /home/lmthang/RA/parscit/thang/convert.pl -in1 /tmp/redoparsHedpl29691245507310.0.test.subline -in2 /tmp/redoparsHedpl29691245507310.0.out -out /tmp/redoparsHedpl29691245507310.0.out.convert 2>/tmp/redoparsHedpl29691245507310.0.out.log
Executing: cat /tmp/redoparsHedpl29691245507310.0.out.convert >> /tmp/redoparsHedpl29691245507310.all.out
Executing: /home/lmthang/RA/parscit/crfpp/crf_test -m /tmp/redoparsHedpl29691245507310.1.model /tmp/redoparsHedpl29691245507310.1.test > /tmp/redoparsHedpl29691245507310.1.out
Convert from line-level format to token-level format...
Executing: /home/lmthang/RA/parscit/thang/create_subline.pl -in /tmp/redoparsHedpl29691245507310.1.test.src -out /tmp/redoparsHedpl29691245507310.1.test.subline
# Copyright 2009 © by Luong Minh Thang
Executing: /home/lmthang/RA/parscit/thang/convert.pl -in1 /tmp/redoparsHedpl29691245507310.1.test.subline -in2 /tmp/redoparsHedpl29691245507310.1.out -out /tmp/redoparsHedpl29691245507310.1.out.convert 2>/tmp/redoparsHedpl29691245507310.1.out.log
Executing: cat /tmp/redoparsHedpl29691245507310.1.out.convert >> /tmp/redoparsHedpl29691245507310.all.out
Evaluating ...
Executing: /home/lmthang/RA/parscit/bin/conlleval.pl -r -d "	" < /tmp/redoparsHedpl29691245507310.all.out
