Constructing 2-fold test files /tmp/homelmthangRAparscitthangredoparsHedpl102781245570336.*.test.src...
Executing: /home/lmthang/RA/parscit/thang/tr2crfpp_thang.pl -k /home/lmthang/RA/parscit/thang/keywords.20 -in /tmp/homelmthangRAparscitthangredoparsHedpl102781245570336.0.test.src -out /tmp/homelmthangRAparscitthangredoparsHedpl102781245570336.0.test
# Copyright 2009 © by Luong Minh Thang
Read dict from /home/forecite/services/parscit/resources/parsCitDict.txt
Executing: /home/lmthang/RA/parscit/thang/tr2crfpp_thang.pl -k /home/lmthang/RA/parscit/thang/keywords.20 -in /tmp/homelmthangRAparscitthangredoparsHedpl102781245570336.1.test.src -out /tmp/homelmthangRAparscitthangredoparsHedpl102781245570336.1.test
# Copyright 2009 © by Luong Minh Thang
Read dict from /home/forecite/services/parscit/resources/parsCitDict.txt
Training ...
Executing: /home/lmthang/RA/parscit/crfpp/crf_learn -m 100 -p 6 -f 3 -c 3 /home/lmthang/RA/parscit/thang/newModel/parsHed.template.firstSecondSecondLastToken.back1.firstLastFunc20Partial /tmp/homelmthangRAparscitthangredoparsHedpl102781245570336.0.train /tmp/homelmthangRAparscitthangredoparsHedpl102781245570336.0.model
The line search routine mcsrch failed: error code:0
routine stops with unexpected error
CRF_L2 execute error

Executing: /home/lmthang/RA/parscit/crfpp/crf_learn -m 100 -p 6 -f 3 -c 3 /home/lmthang/RA/parscit/thang/newModel/parsHed.template.firstSecondSecondLastToken.back1.firstLastFunc20Partial /tmp/homelmthangRAparscitthangredoparsHedpl102781245570336.1.train /tmp/homelmthangRAparscitthangredoparsHedpl102781245570336.1.model
The line search routine mcsrch failed: error code:0
routine stops with unexpected error
CRF_L2 execute error

Testing ...
Executing: /home/lmthang/RA/parscit/crfpp/crf_test -m /tmp/homelmthangRAparscitthangredoparsHedpl102781245570336.0.model /tmp/homelmthangRAparscitthangredoparsHedpl102781245570336.0.test > /tmp/homelmthangRAparscitthangredoparsHedpl102781245570336.0.out
tagger.cpp(57) [feature_index_->open(model.c_str(), 0)] feature_index.cpp(105) [mmap_.open(filename1)] mmap.h(160) [(fd = open__(filename, flag | O_BINARY)) >= 0] open failed: /tmp/homelmthangRAparscitthangredoparsHedpl102781245570336.0.model
Convert from line-level format to token-level format...
Executing: /home/lmthang/RA/parscit/thang/create_subline.pl -in /tmp/homelmthangRAparscitthangredoparsHedpl102781245570336.0.test.src -out /tmp/homelmthangRAparscitthangredoparsHedpl102781245570336.0.test.subline
# Copyright 2009 © by Luong Minh Thang
Executing: /home/lmthang/RA/parscit/thang/convert.pl -in1 /tmp/homelmthangRAparscitthangredoparsHedpl102781245570336.0.test.subline -in2 /tmp/homelmthangRAparscitthangredoparsHedpl102781245570336.0.out -out /tmp/homelmthangRAparscitthangredoparsHedpl102781245570336.0.out.convert 2>/tmp/homelmthangRAparscitthangredoparsHedpl102781245570336.0.out.log
Executing: cat /tmp/homelmthangRAparscitthangredoparsHedpl102781245570336.0.out.convert >> /tmp/homelmthangRAparscitthangredoparsHedpl102781245570336.all.out
Executing: /home/lmthang/RA/parscit/crfpp/crf_test -m /tmp/homelmthangRAparscitthangredoparsHedpl102781245570336.1.model /tmp/homelmthangRAparscitthangredoparsHedpl102781245570336.1.test > /tmp/homelmthangRAparscitthangredoparsHedpl102781245570336.1.out
tagger.cpp(57) [feature_index_->open(model.c_str(), 0)] feature_index.cpp(105) [mmap_.open(filename1)] mmap.h(160) [(fd = open__(filename, flag | O_BINARY)) >= 0] open failed: /tmp/homelmthangRAparscitthangredoparsHedpl102781245570336.1.model
Convert from line-level format to token-level format...
Executing: /home/lmthang/RA/parscit/thang/create_subline.pl -in /tmp/homelmthangRAparscitthangredoparsHedpl102781245570336.1.test.src -out /tmp/homelmthangRAparscitthangredoparsHedpl102781245570336.1.test.subline
# Copyright 2009 © by Luong Minh Thang
Executing: /home/lmthang/RA/parscit/thang/convert.pl -in1 /tmp/homelmthangRAparscitthangredoparsHedpl102781245570336.1.test.subline -in2 /tmp/homelmthangRAparscitthangredoparsHedpl102781245570336.1.out -out /tmp/homelmthangRAparscitthangredoparsHedpl102781245570336.1.out.convert 2>/tmp/homelmthangRAparscitthangredoparsHedpl102781245570336.1.out.log
Executing: cat /tmp/homelmthangRAparscitthangredoparsHedpl102781245570336.1.out.convert >> /tmp/homelmthangRAparscitthangredoparsHedpl102781245570336.all.out
Evaluating ...
Executing: /home/lmthang/RA/parscit/bin/conlleval.pl -r -d "	" < /tmp/homelmthangRAparscitthangredoparsHedpl102781245570336.all.out
conlleval: unexpected number of features in line Protocols		
