Constructing 2-fold test files /tmp/homelmthangRAparscitbinparsHedredoparsHedpl48341245605758.*.test.src...
Executing: /home/lmthang/RA/parscit/bin/parsHed/tr2crfpp_parsHed.pl -k /home/lmthang/RA/parscit/resources/parsHed/keywords.50 -in /tmp/homelmthangRAparscitbinparsHedredoparsHedpl48341245605758.0.test.src -out /tmp/homelmthangRAparscitbinparsHedredoparsHedpl48341245605758.0.test
# Copyright 2009 © by Luong Minh Thang
Read dict from /home/forecite/services/parscit/resources/parsCitDict.txt
Load keywords from file /home/lmthang/RA/parscit/resources/parsHed/keywords.50
Load keywords from file /home/lmthang/RA/parscit/resources/parsHed/keywords.back.50
Load keywords from file /home/lmthang/RA/parscit/resources/parsHed/bigram.50
Executing: /home/lmthang/RA/parscit/bin/parsHed/tr2crfpp_parsHed.pl -k /home/lmthang/RA/parscit/resources/parsHed/keywords.50 -in /tmp/homelmthangRAparscitbinparsHedredoparsHedpl48341245605758.1.test.src -out /tmp/homelmthangRAparscitbinparsHedredoparsHedpl48341245605758.1.test
# Copyright 2009 © by Luong Minh Thang
Read dict from /home/forecite/services/parscit/resources/parsCitDict.txt
Load keywords from file /home/lmthang/RA/parscit/resources/parsHed/keywords.50
Load keywords from file /home/lmthang/RA/parscit/resources/parsHed/keywords.back.50
Load keywords from file /home/lmthang/RA/parscit/resources/parsHed/bigram.50
Training ...
Executing: /home/lmthang/RA/parscit/crfpp/crf_learn -m 100 -p 6 -f 3 -c 3 parsHed.template.firstSecondSecondLastToken.back1.firstSecondSecondLastFunc50Full.bigram /tmp/homelmthangRAparscitbinparsHedredoparsHedpl48341245605758.0.train /tmp/homelmthangRAparscitbinparsHedredoparsHedpl48341245605758.0.model
Executing: /home/lmthang/RA/parscit/crfpp/crf_learn -m 100 -p 6 -f 3 -c 3 parsHed.template.firstSecondSecondLastToken.back1.firstSecondSecondLastFunc50Full.bigram /tmp/homelmthangRAparscitbinparsHedredoparsHedpl48341245605758.1.train /tmp/homelmthangRAparscitbinparsHedredoparsHedpl48341245605758.1.model
Testing ...
Executing: /home/lmthang/RA/parscit/crfpp/crf_test -m /tmp/homelmthangRAparscitbinparsHedredoparsHedpl48341245605758.0.model /tmp/homelmthangRAparscitbinparsHedredoparsHedpl48341245605758.0.test > /tmp/homelmthangRAparscitbinparsHedredoparsHedpl48341245605758.0.out
Convert from line-level format to token-level format...
Executing: /home/lmthang/RA/parscit/bin/parsHed/create_subline.pl -in /tmp/homelmthangRAparscitbinparsHedredoparsHedpl48341245605758.0.test.src -out /tmp/homelmthangRAparscitbinparsHedredoparsHedpl48341245605758.0.test.subline
# Copyright 2009 © by Luong Minh Thang
Executing: /home/lmthang/RA/parscit/bin/parsHed/convert.pl -in1 /tmp/homelmthangRAparscitbinparsHedredoparsHedpl48341245605758.0.test.subline -in2 /tmp/homelmthangRAparscitbinparsHedredoparsHedpl48341245605758.0.out -out /tmp/homelmthangRAparscitbinparsHedredoparsHedpl48341245605758.0.out.convert 2>/tmp/homelmthangRAparscitbinparsHedredoparsHedpl48341245605758.0.out.log
Executing: cat /tmp/homelmthangRAparscitbinparsHedredoparsHedpl48341245605758.0.out.convert >> /tmp/homelmthangRAparscitbinparsHedredoparsHedpl48341245605758.all.out
Executing: /home/lmthang/RA/parscit/crfpp/crf_test -m /tmp/homelmthangRAparscitbinparsHedredoparsHedpl48341245605758.1.model /tmp/homelmthangRAparscitbinparsHedredoparsHedpl48341245605758.1.test > /tmp/homelmthangRAparscitbinparsHedredoparsHedpl48341245605758.1.out
Convert from line-level format to token-level format...
Executing: /home/lmthang/RA/parscit/bin/parsHed/create_subline.pl -in /tmp/homelmthangRAparscitbinparsHedredoparsHedpl48341245605758.1.test.src -out /tmp/homelmthangRAparscitbinparsHedredoparsHedpl48341245605758.1.test.subline
# Copyright 2009 © by Luong Minh Thang
Executing: /home/lmthang/RA/parscit/bin/parsHed/convert.pl -in1 /tmp/homelmthangRAparscitbinparsHedredoparsHedpl48341245605758.1.test.subline -in2 /tmp/homelmthangRAparscitbinparsHedredoparsHedpl48341245605758.1.out -out /tmp/homelmthangRAparscitbinparsHedredoparsHedpl48341245605758.1.out.convert 2>/tmp/homelmthangRAparscitbinparsHedredoparsHedpl48341245605758.1.out.log
Executing: cat /tmp/homelmthangRAparscitbinparsHedredoparsHedpl48341245605758.1.out.convert >> /tmp/homelmthangRAparscitbinparsHedredoparsHedpl48341245605758.all.out
Evaluating ...
Executing: /home/lmthang/RA/parscit/bin/conlleval.pl -r -d "	" < /tmp/homelmthangRAparscitbinparsHedredoparsHedpl48341245605758.all.out
