### Note the number of CPU for parallel crfpp is 6
Directory model does not exist! Creating ...
Executing: mkdir -p model
### Number of training files = 40
ACL09/P09-1001.txt ACL09/P09-1002.txt ACL09/P09-1003.txt ACL09/P09-1004.txt ACL09/P09-1005.txt ACL09/P09-1006.txt ACL09/P09-1007.txt ACL09/P09-1008.txt ACL09/P09-1009.txt ACL09/P09-1010.txt ACM/1.txt ACM/10.txt ACM/12.txt ACM/13.txt ACM/14.txt ACM/15.txt ACM/17.txt ACM/18.txt ACM/19.txt ACM/21.txt ACM/22.txt ACM/25.txt ACM/3.txt ACM/32.txt ACM/35.txt ACM/36.txt ACM/39.txt ACM/40.txt ACM/5.txt ACM/6.txt CHI08/p1-harboe.txt CHI08/p1009-zhou.txt CHI08/p1017-guy.txt CHI08/p1027-joinson.txt CHI08/p1045-stoll.txt CHI08/p1055-sankarpandian.txt CHI08/p1065-egelman.txt CHI08/p1075-tseng.txt CHI08/p1101-butler.txt CHI08/p1111-baumer.txt

### Constructing src train data model/train.src... Done!
Executing: /mnt/homes/lmthang/RA/parscit/thang/bin/../../bin/sectLabel/tr2crfpp.pl -q -in model/train.src -out model/train.feature -c ../../resources/sectLabel/sectLabel.config -template 1>model/template
#
## Training ...
Executing: /mnt/homes/lmthang/RA/parscit/thang/bin/../../crfpp/crf_learn -p 6 -f 3 -c 3 model/template model/train.feature model/sectLabel.model
CRF++: Yet Another CRF Tool Kit
Copyright (C) 2005-2008 Taku Kudo, All rights reserved.

reading training data: 
Done!6.16 s

Number of sentences: 40
Number of features:  1270336
Number of thread(s): 6
Freq:                3
eta:                 0.00010
C:                   3.00000
shrinking size:      20
iter=0 terr=0.99831 serr=1.00000 act=1270336 obj=118527.95235 diff=1.00000
iter=1 terr=0.33678 serr=1.00000 act=1270336 obj=72583.98447 diff=0.38762
iter=2 terr=0.33678 serr=1.00000 act=1270336 obj=54266.34469 diff=0.25236
iter=3 terr=0.31877 serr=1.00000 act=1270336 obj=52731.22063 diff=0.02829
iter=4 terr=0.33678 serr=1.00000 act=1270336 obj=49491.14404 diff=0.06145
iter=5 terr=0.31117 serr=1.00000 act=1270336 obj=46692.19916 diff=0.05655
iter=6 terr=0.28864 serr=1.00000 act=1270336 obj=40817.35550 diff=0.12582
iter=7 terr=0.23263 serr=1.00000 act=1270336 obj=36582.45090 diff=0.10375
iter=8 terr=0.22695 serr=1.00000 act=1270336 obj=33176.80036 diff=0.09310
iter=9 terr=0.21536 serr=1.00000 act=1270336 obj=31090.72060 diff=0.06288
iter=10 terr=0.20282 serr=1.00000 act=1270336 obj=27518.97387 diff=0.11488
iter=11 terr=0.18290 serr=1.00000 act=1270336 obj=24652.73264 diff=0.10416
iter=12 terr=0.16970 serr=1.00000 act=1270336 obj=22983.78888 diff=0.06770
iter=13 terr=0.16026 serr=1.00000 act=1270336 obj=20307.84328 diff=0.11643
iter=14 terr=0.15290 serr=1.00000 act=1270336 obj=18337.57189 diff=0.09702
iter=15 terr=0.15438 serr=1.00000 act=1270336 obj=17456.83522 diff=0.04803
iter=16 terr=0.15092 serr=1.00000 act=1270336 obj=16672.55410 diff=0.04493
iter=17 terr=0.13465 serr=1.00000 act=1270336 obj=15776.55389 diff=0.05374
iter=18 terr=0.12962 serr=1.00000 act=1270336 obj=15145.83411 diff=0.03998
iter=19 terr=0.12235 serr=1.00000 act=1270336 obj=13806.12331 diff=0.08845
iter=20 terr=0.13475 serr=1.00000 act=1270336 obj=13204.56132 diff=0.04357
iter=21 terr=0.12465 serr=1.00000 act=1270336 obj=12605.10737 diff=0.04540
iter=22 terr=0.11589 serr=1.00000 act=1270336 obj=12198.53995 diff=0.03225
iter=23 terr=0.10912 serr=1.00000 act=1270336 obj=11323.76821 diff=0.07171
iter=24 terr=0.10952 serr=1.00000 act=1270336 obj=10898.94187 diff=0.03752
iter=25 terr=0.10462 serr=1.00000 act=1270336 obj=10509.04102 diff=0.03577
iter=26 terr=0.10476 serr=1.00000 act=1270336 obj=10254.58186 diff=0.02421
iter=27 terr=0.10727 serr=1.00000 act=1270336 obj=9943.71883 diff=0.03031
iter=28 terr=0.10092 serr=1.00000 act=1270336 obj=9562.23970 diff=0.03836
iter=29 terr=0.11899 serr=1.00000 act=1270336 obj=9670.33228 diff=0.01130
iter=30 terr=0.10304 serr=1.00000 act=1270336 obj=9330.50188 diff=0.03514
iter=31 terr=0.10156 serr=1.00000 act=1270336 obj=9161.33877 diff=0.01813
iter=32 terr=0.09870 serr=1.00000 act=1270336 obj=8940.93422 diff=0.02406
iter=33 terr=0.09597 serr=1.00000 act=1270336 obj=8659.18532 diff=0.03151
iter=34 terr=0.09579 serr=1.00000 act=1270336 obj=8411.56244 diff=0.02860
iter=35 terr=0.08558 serr=1.00000 act=1270336 obj=7931.63631 diff=0.05706
iter=36 terr=0.08476 serr=1.00000 act=1270336 obj=7752.93768 diff=0.02253
iter=37 terr=0.08476 serr=1.00000 act=1270336 obj=7545.10426 diff=0.02681
iter=38 terr=0.08888 serr=1.00000 act=1270336 obj=7273.63324 diff=0.03598
iter=39 terr=0.08518 serr=1.00000 act=1270336 obj=6864.42125 diff=0.05626
iter=40 terr=0.07767 serr=1.00000 act=1270336 obj=6434.86787 diff=0.06258
iter=41 terr=0.07304 serr=1.00000 act=1270336 obj=6119.34137 diff=0.04903
iter=42 terr=0.07050 serr=1.00000 act=1270336 obj=5934.79976 diff=0.03016
iter=43 terr=0.06534 serr=1.00000 act=1270336 obj=5600.38799 diff=0.05635
iter=44 terr=0.07256 serr=1.00000 act=1270336 obj=5402.05794 diff=0.03541
iter=45 terr=0.06574 serr=1.00000 act=1270336 obj=5206.11513 diff=0.03627
iter=46 terr=0.06309 serr=1.00000 act=1270336 obj=5116.41809 diff=0.01723
iter=47 terr=0.06058 serr=1.00000 act=1270336 obj=4968.64569 diff=0.02888
iter=48 terr=0.05677 serr=1.00000 act=1270336 obj=4721.64639 diff=0.04971
iter=49 terr=0.05452 serr=1.00000 act=1270336 obj=4498.19846 diff=0.04732
iter=50 terr=0.05521 serr=1.00000 act=1270336 obj=4402.66258 diff=0.02124
iter=51 terr=0.04852 serr=1.00000 act=1270336 obj=4206.62784 diff=0.04453
iter=52 terr=0.04772 serr=1.00000 act=1270336 obj=4148.02024 diff=0.01393
iter=53 terr=0.04637 serr=1.00000 act=1270336 obj=4006.58944 diff=0.03410
iter=54 terr=0.04542 serr=1.00000 act=1270336 obj=3839.92710 diff=0.04160
iter=55 terr=0.05606 serr=1.00000 act=1270336 obj=3889.29473 diff=0.01286
iter=56 terr=0.04629 serr=1.00000 act=1270336 obj=3730.66821 diff=0.04079
iter=57 terr=0.04352 serr=1.00000 act=1270336 obj=3599.33271 diff=0.03520
iter=58 terr=0.04259 serr=1.00000 act=1270336 obj=3525.26009 diff=0.02058
iter=59 terr=0.04241 serr=1.00000 act=1270336 obj=3464.01023 diff=0.01737
iter=60 terr=0.04002 serr=1.00000 act=1270336 obj=3401.82585 diff=0.01795
iter=61 terr=0.03984 serr=1.00000 act=1270336 obj=3320.35809 diff=0.02395
iter=62 terr=0.03846 serr=1.00000 act=1270336 obj=3217.81616 diff=0.03088
iter=63 terr=0.03719 serr=1.00000 act=1270336 obj=3044.08356 diff=0.05399
iter=64 terr=0.04674 serr=1.00000 act=1270336 obj=3073.41306 diff=0.00963
iter=65 terr=0.03793 serr=1.00000 act=1270336 obj=2944.00086 diff=0.04211
iter=66 terr=0.03357 serr=1.00000 act=1270336 obj=2843.00254 diff=0.03431
iter=67 terr=0.03272 serr=1.00000 act=1270336 obj=2792.79719 diff=0.01766
iter=68 terr=0.03166 serr=1.00000 act=1270336 obj=2716.28906 diff=0.02739
iter=69 terr=0.03026 serr=1.00000 act=1270336 obj=2662.99277 diff=0.01962
iter=70 terr=0.02987 serr=1.00000 act=1270336 obj=2608.03598 diff=0.02064
iter=71 terr=0.02677 serr=1.00000 act=1270336 obj=2488.42275 diff=0.04586
iter=72 terr=0.02606 serr=1.00000 act=1270336 obj=2421.59244 diff=0.02686
iter=73 terr=0.02592 serr=1.00000 act=1270336 obj=2291.64400 diff=0.05366
iter=74 terr=0.02423 serr=1.00000 act=1270336 obj=2198.50402 diff=0.04064
iter=75 terr=0.02645 serr=1.00000 act=1270336 obj=2263.08236 diff=0.02937
iter=76 terr=0.02389 serr=1.00000 act=1270336 obj=2167.90081 diff=0.04206
iter=77 terr=0.02272 serr=1.00000 act=1270336 obj=2123.72597 diff=0.02038
iter=78 terr=0.02164 serr=1.00000 act=1270336 obj=2063.96514 diff=0.02814
iter=79 terr=0.02071 serr=1.00000 act=1270336 obj=1981.98180 diff=0.03972
iter=80 terr=0.01989 serr=1.00000 act=1270336 obj=1924.27656 diff=0.02911
iter=81 terr=0.01839 serr=1.00000 act=1270336 obj=1894.91913 diff=0.01526
iter=82 terr=0.01815 serr=1.00000 act=1270336 obj=1873.51188 diff=0.01130
iter=83 terr=0.01839 serr=1.00000 act=1270336 obj=1823.79303 diff=0.02654
iter=84 terr=0.01738 serr=1.00000 act=1270336 obj=1801.81508 diff=0.01205
iter=85 terr=0.01667 serr=1.00000 act=1270336 obj=1773.28612 diff=0.01583
iter=86 terr=0.01587 serr=1.00000 act=1270336 obj=1756.00837 diff=0.00974
iter=87 terr=0.01585 serr=1.00000 act=1270336 obj=1729.37295 diff=0.01517
iter=88 terr=0.01600 serr=1.00000 act=1270336 obj=1698.73306 diff=0.01772
iter=89 terr=0.02037 serr=1.00000 act=1270336 obj=1677.27764 diff=0.01263
iter=90 terr=0.01479 serr=1.00000 act=1270336 obj=1613.73003 diff=0.03789
iter=91 terr=0.01230 serr=1.00000 act=1270336 obj=1572.08521 diff=0.02581
iter=92 terr=0.01238 serr=1.00000 act=1270336 obj=1554.43904 diff=0.01122
iter=93 terr=0.01246 serr=1.00000 act=1270336 obj=1544.77450 diff=0.00622
iter=94 terr=0.01209 serr=1.00000 act=1270336 obj=1526.28565 diff=0.01197
iter=95 terr=0.01167 serr=1.00000 act=1270336 obj=1497.55464 diff=0.01882
iter=96 terr=0.01151 serr=1.00000 act=1270336 obj=1462.04487 diff=0.02371
iter=97 terr=0.01143 serr=1.00000 act=1270336 obj=1409.41616 diff=0.03600
iter=98 terr=0.01048 serr=1.00000 act=1270336 obj=1354.71492 diff=0.03881
iter=99 terr=0.01048 serr=1.00000 act=1270336 obj=1316.20024 diff=0.02843
iter=100 terr=0.00939 serr=1.00000 act=1270336 obj=1273.17733 diff=0.03269
iter=101 terr=0.00857 serr=1.00000 act=1270336 obj=1234.92507 diff=0.03004
iter=102 terr=0.00802 serr=1.00000 act=1270336 obj=1209.83278 diff=0.02032
iter=103 terr=0.00730 serr=0.97500 act=1270336 obj=1177.84155 diff=0.02644
iter=104 terr=0.00685 serr=0.97500 act=1270336 obj=1149.95384 diff=0.02368
iter=105 terr=0.00717 serr=0.97500 act=1270336 obj=1133.85861 diff=0.01400
iter=106 terr=0.00624 serr=1.00000 act=1270336 obj=1114.12491 diff=0.01740
iter=107 terr=0.00653 serr=1.00000 act=1270336 obj=1095.05454 diff=0.01712
iter=108 terr=0.00561 serr=1.00000 act=1270336 obj=1068.81468 diff=0.02396
iter=109 terr=0.01069 serr=0.97500 act=1270336 obj=1181.96755 diff=0.10587
iter=110 terr=0.00545 serr=0.97500 act=1270336 obj=1058.84091 diff=0.10417
iter=111 terr=0.00608 serr=0.92500 act=1270336 obj=1043.75470 diff=0.01425
iter=112 terr=0.00497 serr=0.95000 act=1270336 obj=1026.38662 diff=0.01664
iter=113 terr=0.00481 serr=0.87500 act=1270336 obj=1017.64778 diff=0.00851
iter=114 terr=0.00450 serr=0.90000 act=1270336 obj=992.94022 diff=0.02428
iter=115 terr=0.00429 serr=0.90000 act=1270336 obj=971.01204 diff=0.02208
iter=116 terr=0.00405 serr=0.90000 act=1270336 obj=955.48538 diff=0.01599
iter=117 terr=0.00399 serr=0.92500 act=1270336 obj=939.67581 diff=0.01655
iter=118 terr=0.00399 serr=0.92500 act=1270336 obj=921.21613 diff=0.01964
iter=119 terr=0.00376 serr=0.95000 act=1270336 obj=906.37326 diff=0.01611
iter=120 terr=0.00347 serr=0.92500 act=1270336 obj=881.59372 diff=0.02734
iter=121 terr=0.00378 serr=0.92500 act=1270336 obj=875.12514 diff=0.00734
iter=122 terr=0.00323 serr=0.90000 act=1270336 obj=860.06386 diff=0.01721
iter=123 terr=0.00320 serr=0.90000 act=1270336 obj=855.06899 diff=0.00581
iter=124 terr=0.00278 serr=0.82500 act=1270336 obj=847.41612 diff=0.00895
iter=125 terr=0.00275 serr=0.82500 act=1270336 obj=837.96270 diff=0.01116
iter=126 terr=0.00246 serr=0.80000 act=1270336 obj=823.57339 diff=0.01717
iter=127 terr=0.00243 serr=0.82500 act=1270336 obj=814.26290 diff=0.01130
iter=128 terr=0.00246 serr=0.85000 act=1270336 obj=806.14419 diff=0.00997
iter=129 terr=0.00225 serr=0.85000 act=1270336 obj=794.01847 diff=0.01504
iter=130 terr=0.00238 serr=0.87500 act=1270336 obj=792.29875 diff=0.00217
iter=131 terr=0.00235 serr=0.87500 act=1270336 obj=783.34162 diff=0.01131
iter=132 terr=0.00228 serr=0.87500 act=1270336 obj=778.46893 diff=0.00622
iter=133 terr=0.00206 serr=0.80000 act=1270336 obj=772.48770 diff=0.00768
iter=134 terr=0.00196 serr=0.80000 act=1270336 obj=765.07092 diff=0.00960
iter=135 terr=0.00167 serr=0.72500 act=1270336 obj=754.91054 diff=0.01328
iter=136 terr=0.00188 serr=0.72500 act=1270336 obj=747.39955 diff=0.00995
iter=137 terr=0.00185 serr=0.72500 act=1270336 obj=744.34591 diff=0.00409
iter=138 terr=0.00156 serr=0.70000 act=1270336 obj=740.16589 diff=0.00562
iter=139 terr=0.00153 serr=0.72500 act=1270336 obj=737.15976 diff=0.00406
iter=140 terr=0.00159 serr=0.72500 act=1270336 obj=733.27480 diff=0.00527
iter=141 terr=0.00156 serr=0.72500 act=1270336 obj=721.27057 diff=0.01637
iter=142 terr=0.00159 serr=0.70000 act=1270336 obj=719.30919 diff=0.00272
iter=143 terr=0.00148 serr=0.70000 act=1270336 obj=713.96878 diff=0.00742
iter=144 terr=0.00138 serr=0.67500 act=1270336 obj=708.01282 diff=0.00834
iter=145 terr=0.00122 serr=0.60000 act=1270336 obj=701.24235 diff=0.00956
iter=146 terr=0.00124 serr=0.57500 act=1270336 obj=695.44199 diff=0.00827
iter=147 terr=0.00119 serr=0.57500 act=1270336 obj=691.93941 diff=0.00504
iter=148 terr=0.00122 serr=0.57500 act=1270336 obj=687.38647 diff=0.00658
iter=149 terr=0.00122 serr=0.57500 act=1270336 obj=683.32847 diff=0.00590
iter=150 terr=0.00111 serr=0.55000 act=1270336 obj=679.15564 diff=0.00611
iter=151 terr=0.00103 serr=0.52500 act=1270336 obj=673.17798 diff=0.00880
iter=152 terr=0.00103 serr=0.52500 act=1270336 obj=676.45167 diff=0.00486
iter=153 terr=0.00103 serr=0.50000 act=1270336 obj=671.39807 diff=0.00747
iter=154 terr=0.00108 serr=0.52500 act=1270336 obj=669.17157 diff=0.00332
iter=155 terr=0.00098 serr=0.52500 act=1270336 obj=664.58273 diff=0.00686
iter=156 terr=0.00090 serr=0.50000 act=1270336 obj=662.09429 diff=0.00374
iter=157 terr=0.00087 serr=0.50000 act=1270336 obj=658.73452 diff=0.00507
iter=158 terr=0.00090 serr=0.52500 act=1270336 obj=655.07976 diff=0.00555
iter=159 terr=0.00085 serr=0.50000 act=1270336 obj=651.71422 diff=0.00514
iter=160 terr=0.00138 serr=0.47500 act=1270336 obj=659.24818 diff=0.01156
iter=161 terr=0.00082 serr=0.45000 act=1270336 obj=648.87389 diff=0.01574
iter=162 terr=0.00077 serr=0.42500 act=1270336 obj=644.61406 diff=0.00656
iter=163 terr=0.00077 serr=0.42500 act=1270336 obj=641.72938 diff=0.00448
iter=164 terr=0.00085 serr=0.47500 act=1270336 obj=636.22019 diff=0.00858
iter=165 terr=0.00077 serr=0.47500 act=1270336 obj=631.79088 diff=0.00696
iter=166 terr=0.00074 serr=0.45000 act=1270336 obj=626.03396 diff=0.00911
iter=167 terr=0.00066 serr=0.42500 act=1270336 obj=619.13806 diff=0.01102
iter=168 terr=0.00063 serr=0.45000 act=1270336 obj=622.32742 diff=0.00515
iter=169 terr=0.00069 serr=0.45000 act=1270336 obj=617.13736 diff=0.00834
iter=170 terr=0.00066 serr=0.42500 act=1270336 obj=615.04761 diff=0.00339
iter=171 terr=0.00066 serr=0.42500 act=1270336 obj=613.64969 diff=0.00227
iter=172 terr=0.00066 serr=0.42500 act=1270336 obj=610.58297 diff=0.00500
iter=173 terr=0.00056 serr=0.40000 act=1270336 obj=606.35286 diff=0.00693
iter=174 terr=0.00058 serr=0.42500 act=1270336 obj=605.34534 diff=0.00166
iter=175 terr=0.00058 serr=0.42500 act=1270336 obj=603.31144 diff=0.00336
iter=176 terr=0.00053 serr=0.40000 act=1270336 obj=599.14943 diff=0.00690
iter=177 terr=0.00082 serr=0.42500 act=1270336 obj=610.19601 diff=0.01844
iter=178 terr=0.00061 serr=0.42500 act=1270336 obj=597.66941 diff=0.02053
iter=179 terr=0.00058 serr=0.42500 act=1270336 obj=595.62871 diff=0.00341
iter=180 terr=0.00053 serr=0.40000 act=1270336 obj=592.80995 diff=0.00473
iter=181 terr=0.00056 serr=0.40000 act=1270336 obj=589.57267 diff=0.00546
iter=182 terr=0.00048 serr=0.37500 act=1270336 obj=587.15821 diff=0.00410
iter=183 terr=0.00048 serr=0.37500 act=1270336 obj=585.01368 diff=0.00365
iter=184 terr=0.00042 serr=0.30000 act=1270336 obj=580.55943 diff=0.00761
iter=185 terr=0.00050 serr=0.35000 act=1270336 obj=580.58060 diff=0.00004
iter=186 terr=0.00048 serr=0.32500 act=1270336 obj=579.23908 diff=0.00231
iter=187 terr=0.00048 serr=0.32500 act=1270336 obj=578.37656 diff=0.00149
iter=188 terr=0.00048 serr=0.32500 act=1270336 obj=576.08768 diff=0.00396
iter=189 terr=0.00048 serr=0.32500 act=1270336 obj=574.22532 diff=0.00323
iter=190 terr=0.00048 serr=0.32500 act=1270336 obj=571.56620 diff=0.00463
iter=191 terr=0.00048 serr=0.32500 act=1270336 obj=568.48273 diff=0.00539
iter=192 terr=0.00045 serr=0.30000 act=1270336 obj=565.73437 diff=0.00483
iter=193 terr=0.00045 serr=0.30000 act=1270336 obj=563.43972 diff=0.00406
iter=194 terr=0.00045 serr=0.30000 act=1270336 obj=562.00352 diff=0.00255
iter=195 terr=0.00048 serr=0.30000 act=1270336 obj=559.09458 diff=0.00518
iter=196 terr=0.00040 serr=0.27500 act=1270336 obj=557.11506 diff=0.00354
iter=197 terr=0.00040 serr=0.27500 act=1270336 obj=555.42188 diff=0.00304
iter=198 terr=0.00037 serr=0.27500 act=1270336 obj=553.88265 diff=0.00277
iter=199 terr=0.00037 serr=0.27500 act=1270336 obj=551.49132 diff=0.00432
iter=200 terr=0.00032 serr=0.22500 act=1270336 obj=549.94065 diff=0.00281
iter=201 terr=0.00037 serr=0.27500 act=1270336 obj=548.72501 diff=0.00221
iter=202 terr=0.00040 serr=0.30000 act=1270336 obj=546.33719 diff=0.00435
iter=203 terr=0.00040 serr=0.30000 act=1270336 obj=544.48648 diff=0.00339
iter=204 terr=0.00032 serr=0.27500 act=1270336 obj=543.29266 diff=0.00219
iter=205 terr=0.00032 serr=0.27500 act=1270336 obj=542.18318 diff=0.00204
iter=206 terr=0.00026 serr=0.22500 act=1270336 obj=540.62149 diff=0.00288
iter=207 terr=0.00026 serr=0.22500 act=1270336 obj=539.14303 diff=0.00273
iter=208 terr=0.00029 serr=0.25000 act=1270336 obj=537.01502 diff=0.00395
iter=209 terr=0.00029 serr=0.25000 act=1270336 obj=536.31685 diff=0.00130
iter=210 terr=0.00029 serr=0.25000 act=1270336 obj=535.37672 diff=0.00175
iter=211 terr=0.00029 serr=0.25000 act=1270336 obj=534.57151 diff=0.00150
iter=212 terr=0.00032 serr=0.27500 act=1270336 obj=533.20591 diff=0.00255
iter=213 terr=0.00032 serr=0.27500 act=1270336 obj=531.96969 diff=0.00232
iter=214 terr=0.00037 serr=0.30000 act=1270336 obj=530.64841 diff=0.00248
iter=215 terr=0.00037 serr=0.30000 act=1270336 obj=529.76509 diff=0.00166
iter=216 terr=0.00037 serr=0.30000 act=1270336 obj=528.68375 diff=0.00204
iter=217 terr=0.00037 serr=0.30000 act=1270336 obj=527.39775 diff=0.00243
iter=218 terr=0.00034 serr=0.27500 act=1270336 obj=525.72405 diff=0.00317
iter=219 terr=0.00034 serr=0.27500 act=1270336 obj=524.77589 diff=0.00180
iter=220 terr=0.00034 serr=0.27500 act=1270336 obj=524.00609 diff=0.00147
iter=221 terr=0.00034 serr=0.27500 act=1270336 obj=523.39355 diff=0.00117
iter=222 terr=0.00034 serr=0.27500 act=1270336 obj=522.88410 diff=0.00097
iter=223 terr=0.00029 serr=0.25000 act=1270336 obj=521.23059 diff=0.00316
iter=224 terr=0.00029 serr=0.25000 act=1270336 obj=520.10841 diff=0.00215
iter=225 terr=0.00026 serr=0.22500 act=1270336 obj=518.66765 diff=0.00277
iter=226 terr=0.00026 serr=0.22500 act=1270336 obj=517.39304 diff=0.00246
iter=227 terr=0.00026 serr=0.22500 act=1270336 obj=516.19846 diff=0.00231
iter=228 terr=0.00026 serr=0.22500 act=1270336 obj=515.75081 diff=0.00087
iter=229 terr=0.00026 serr=0.22500 act=1270336 obj=514.93177 diff=0.00159
iter=230 terr=0.00026 serr=0.22500 act=1270336 obj=514.53174 diff=0.00078
iter=231 terr=0.00026 serr=0.22500 act=1270336 obj=513.64237 diff=0.00173
iter=232 terr=0.00032 serr=0.25000 act=1270336 obj=512.52302 diff=0.00218
iter=233 terr=0.00024 serr=0.20000 act=1270336 obj=511.48180 diff=0.00203
iter=234 terr=0.00024 serr=0.20000 act=1270336 obj=510.41819 diff=0.00208
iter=235 terr=0.00024 serr=0.20000 act=1270336 obj=509.83537 diff=0.00114
iter=236 terr=0.00026 serr=0.22500 act=1270336 obj=509.25683 diff=0.00113
iter=237 terr=0.00026 serr=0.22500 act=1270336 obj=508.61852 diff=0.00125
iter=238 terr=0.00026 serr=0.22500 act=1270336 obj=507.92354 diff=0.00137
iter=239 terr=0.00026 serr=0.22500 act=1270336 obj=507.36636 diff=0.00110
iter=240 terr=0.00026 serr=0.22500 act=1270336 obj=506.81133 diff=0.00109
iter=241 terr=0.00026 serr=0.22500 act=1270336 obj=505.41748 diff=0.00275
iter=242 terr=0.00024 serr=0.20000 act=1270336 obj=506.02290 diff=0.00120
iter=243 terr=0.00026 serr=0.22500 act=1270336 obj=504.74800 diff=0.00252
iter=244 terr=0.00026 serr=0.22500 act=1270336 obj=503.76079 diff=0.00196
iter=245 terr=0.00026 serr=0.22500 act=1270336 obj=503.13980 diff=0.00123
iter=246 terr=0.00026 serr=0.22500 act=1270336 obj=502.78790 diff=0.00070
iter=247 terr=0.00026 serr=0.22500 act=1270336 obj=502.22743 diff=0.00111
iter=248 terr=0.00026 serr=0.22500 act=1270336 obj=501.95170 diff=0.00055
iter=249 terr=0.00026 serr=0.22500 act=1270336 obj=501.65779 diff=0.00059
iter=250 terr=0.00026 serr=0.22500 act=1270336 obj=501.14366 diff=0.00102
iter=251 terr=0.00032 serr=0.25000 act=1270336 obj=500.87644 diff=0.00053
iter=252 terr=0.00032 serr=0.25000 act=1270336 obj=500.01093 diff=0.00173
iter=253 terr=0.00032 serr=0.25000 act=1270336 obj=499.60446 diff=0.00081
iter=254 terr=0.00032 serr=0.25000 act=1270336 obj=499.12205 diff=0.00097
iter=255 terr=0.00032 serr=0.25000 act=1270336 obj=499.04461 diff=0.00016
iter=256 terr=0.00032 serr=0.25000 act=1270336 obj=498.83222 diff=0.00043
iter=257 terr=0.00032 serr=0.25000 act=1270336 obj=498.46125 diff=0.00074
iter=258 terr=0.00026 serr=0.22500 act=1270336 obj=496.70577 diff=0.00352
iter=259 terr=0.00026 serr=0.22500 act=1270336 obj=495.96381 diff=0.00149
iter=260 terr=0.00026 serr=0.22500 act=1270336 obj=495.10876 diff=0.00172
iter=261 terr=0.00026 serr=0.22500 act=1270336 obj=494.39869 diff=0.00143
iter=262 terr=0.00026 serr=0.22500 act=1270336 obj=493.98027 diff=0.00085
iter=263 terr=0.00026 serr=0.22500 act=1270336 obj=493.17116 diff=0.00164
iter=264 terr=0.00026 serr=0.22500 act=1270336 obj=494.06625 diff=0.00181
iter=265 terr=0.00026 serr=0.22500 act=1270336 obj=492.79730 diff=0.00257
iter=266 terr=0.00026 serr=0.22500 act=1270336 obj=492.57754 diff=0.00045
iter=267 terr=0.00026 serr=0.22500 act=1270336 obj=491.95748 diff=0.00126
iter=268 terr=0.00024 serr=0.20000 act=1270336 obj=491.44826 diff=0.00104
iter=269 terr=0.00026 serr=0.22500 act=1270336 obj=490.65369 diff=0.00162
iter=270 terr=0.00024 serr=0.20000 act=1270336 obj=489.78644 diff=0.00177
iter=271 terr=0.00024 serr=0.20000 act=1270336 obj=489.44049 diff=0.00071
iter=272 terr=0.00024 serr=0.20000 act=1270336 obj=488.98605 diff=0.00093
iter=273 terr=0.00024 serr=0.20000 act=1270336 obj=488.86184 diff=0.00025
iter=274 terr=0.00026 serr=0.22500 act=1270336 obj=488.72183 diff=0.00029
iter=275 terr=0.00026 serr=0.22500 act=1270336 obj=488.43304 diff=0.00059
iter=276 terr=0.00026 serr=0.22500 act=1270336 obj=487.97727 diff=0.00093
iter=277 terr=0.00024 serr=0.20000 act=1270336 obj=487.24742 diff=0.00150
iter=278 terr=0.00024 serr=0.20000 act=1270336 obj=487.90998 diff=0.00136
iter=279 terr=0.00024 serr=0.20000 act=1270336 obj=486.91169 diff=0.00205
iter=280 terr=0.00024 serr=0.20000 act=1270336 obj=486.51315 diff=0.00082
iter=281 terr=0.00024 serr=0.20000 act=1270336 obj=486.28516 diff=0.00047
iter=282 terr=0.00024 serr=0.20000 act=1270336 obj=486.08365 diff=0.00041
iter=283 terr=0.00024 serr=0.20000 act=1270336 obj=485.42811 diff=0.00135
iter=284 terr=0.00029 serr=0.25000 act=1270336 obj=487.97904 diff=0.00526
iter=285 terr=0.00026 serr=0.22500 act=1270336 obj=485.14336 diff=0.00581
iter=286 terr=0.00026 serr=0.22500 act=1270336 obj=484.62047 diff=0.00108
iter=287 terr=0.00026 serr=0.22500 act=1270336 obj=484.37120 diff=0.00051
iter=288 terr=0.00026 serr=0.22500 act=1270336 obj=484.24294 diff=0.00026
iter=289 terr=0.00026 serr=0.22500 act=1270336 obj=484.13761 diff=0.00022
iter=290 terr=0.00026 serr=0.22500 act=1270336 obj=483.88254 diff=0.00053
iter=291 terr=0.00026 serr=0.22500 act=1270336 obj=483.69654 diff=0.00038
iter=292 terr=0.00026 serr=0.22500 act=1270336 obj=483.20845 diff=0.00101
iter=293 terr=0.00026 serr=0.22500 act=1270336 obj=483.04802 diff=0.00033
iter=294 terr=0.00026 serr=0.22500 act=1270336 obj=482.58448 diff=0.00096
iter=295 terr=0.00026 serr=0.22500 act=1270336 obj=482.45374 diff=0.00027
iter=296 terr=0.00026 serr=0.22500 act=1270336 obj=482.28230 diff=0.00036
iter=297 terr=0.00026 serr=0.22500 act=1270336 obj=482.18532 diff=0.00020
iter=298 terr=0.00026 serr=0.22500 act=1270336 obj=481.92094 diff=0.00055
iter=299 terr=0.00026 serr=0.22500 act=1270336 obj=481.64433 diff=0.00057
iter=300 terr=0.00026 serr=0.22500 act=1270336 obj=481.46294 diff=0.00038
iter=301 terr=0.00026 serr=0.22500 act=1270336 obj=481.20636 diff=0.00053
iter=302 terr=0.00026 serr=0.22500 act=1270336 obj=481.03888 diff=0.00035
iter=303 terr=0.00026 serr=0.22500 act=1270336 obj=480.96232 diff=0.00016
iter=304 terr=0.00026 serr=0.22500 act=1270336 obj=480.68010 diff=0.00059
iter=305 terr=0.00026 serr=0.22500 act=1270336 obj=480.58698 diff=0.00019
iter=306 terr=0.00026 serr=0.22500 act=1270336 obj=480.38991 diff=0.00041
iter=307 terr=0.00026 serr=0.22500 act=1270336 obj=480.33288 diff=0.00012
iter=308 terr=0.00026 serr=0.22500 act=1270336 obj=480.21424 diff=0.00025
iter=309 terr=0.00026 serr=0.22500 act=1270336 obj=480.16911 diff=0.00009
iter=310 terr=0.00026 serr=0.22500 act=1270336 obj=479.97941 diff=0.00040
iter=311 terr=0.00026 serr=0.22500 act=1270336 obj=479.91686 diff=0.00013
iter=312 terr=0.00026 serr=0.22500 act=1270336 obj=479.83309 diff=0.00017
iter=313 terr=0.00026 serr=0.22500 act=1270336 obj=479.73160 diff=0.00021
iter=314 terr=0.00026 serr=0.22500 act=1270336 obj=479.67978 diff=0.00011
iter=315 terr=0.00026 serr=0.22500 act=1270336 obj=479.59822 diff=0.00017
iter=316 terr=0.00026 serr=0.22500 act=1270336 obj=479.53318 diff=0.00014
iter=317 terr=0.00026 serr=0.22500 act=1270336 obj=479.36455 diff=0.00035
iter=318 terr=0.00026 serr=0.22500 act=1270336 obj=479.43824 diff=0.00015
iter=319 terr=0.00026 serr=0.22500 act=1270336 obj=479.30111 diff=0.00029
iter=320 terr=0.00026 serr=0.22500 act=1270336 obj=479.23638 diff=0.00014
iter=321 terr=0.00026 serr=0.22500 act=1270336 obj=479.10900 diff=0.00027
iter=322 terr=0.00026 serr=0.22500 act=1270336 obj=479.21569 diff=0.00022
iter=323 terr=0.00026 serr=0.22500 act=1270336 obj=479.05217 diff=0.00034
iter=324 terr=0.00026 serr=0.22500 act=1270336 obj=478.99934 diff=0.00011
iter=325 terr=0.00026 serr=0.22500 act=1270336 obj=478.85931 diff=0.00029
iter=326 terr=0.00026 serr=0.22500 act=1270336 obj=478.78811 diff=0.00015
iter=327 terr=0.00026 serr=0.22500 act=1270336 obj=478.70326 diff=0.00018
iter=328 terr=0.00026 serr=0.22500 act=1270336 obj=478.63616 diff=0.00014
iter=329 terr=0.00026 serr=0.22500 act=1270336 obj=478.57194 diff=0.00013
iter=330 terr=0.00026 serr=0.22500 act=1270336 obj=478.52409 diff=0.00010
iter=331 terr=0.00026 serr=0.22500 act=1270336 obj=478.50640 diff=0.00004
iter=332 terr=0.00026 serr=0.22500 act=1270336 obj=478.47370 diff=0.00007

Done!131.01 s

